2024-02-09 17:08:02.199 INFO  [main][PortalContextLoaderListener:114] JVM arguments: --add-opens=jdk.zipfs/jdk.nio.zipfs=ALL-UNNAMED --add-opens=java.base/java.lang=ALL-UNNAMED --add-opens=java.base/java.io=ALL-UNNAMED --add-opens=java.base/java.util=ALL-UNNAMED --add-opens=java.base/java.util.concurrent=ALL-UNNAMED --add-opens=java.rmi/sun.rmi.transport=ALL-UNNAMED -Djava.util.logging.config.file=/home/andre-arao/liferay-projects/integration-liferay/bundles/tomcat-9.0.82/conf/logging.properties -Djava.util.logging.manager=org.apache.juli.ClassLoaderLogManager -Djdk.tls.ephemeralDHKeySize=2048 -Djava.protocol.handler.pkgs=org.apache.catalina.webresources -Dorg.apache.catalina.security.SecurityListener.UMASK=0027 -Dfile.encoding=UTF-8 -Djava.locale.providers=JRE,COMPAT,CLDR -Djava.net.preferIPv4Stack=true -Duser.timezone=GMT -Xms2560m -Xmx2560m -XX:MaxNewSize=1536m -XX:MaxMetaspaceSize=768m -XX:MetaspaceSize=768m -XX:NewSize=1536m -XX:SurvivorRatio=7 -Dignore.endorsed.dirs= -Dcatalina.base=/home/andre-arao/liferay-projects/integration-liferay/bundles/tomcat-9.0.82 -Dcatalina.home=/home/andre-arao/liferay-projects/integration-liferay/bundles/tomcat-9.0.82 -Djava.io.tmpdir=/home/andre-arao/liferay-projects/integration-liferay/bundles/tomcat-9.0.82/temp
2024-02-09 17:08:07.470 WARN  [main][DialectDetector:73] Liferay is configured to use Hypersonic as its database. Do NOT use Hypersonic in production. Hypersonic is an embedded database useful for development and demonstration purposes. The database settings can be changed in portal-ext.properties.
2024-02-09 17:08:07.471 INFO  [main][DialectDetector:144] Using dialect com.liferay.portal.dao.orm.hibernate.HSQLDialect for HSQL Database Engine 2.7
2024-02-09 17:08:08.776 INFO  [main][ModuleFrameworkImpl:1309] Starting initial bundles
2024-02-09 17:08:10.457 INFO  [SystemExecutorServiceUtil-7][InterpolationConfigurationPlugin:109] Configured directory for secrets: /home/andre-arao/liferay-projects/integration-liferay/bundles/osgi/configs
2024-02-09 17:08:12.602 INFO  [main][ModuleFrameworkImpl:1599] Started initial bundles
2024-02-09 17:08:12.602 INFO  [main][ModuleFrameworkImpl:1642] Starting dynamic bundles
2024-02-09 17:08:17.924 WARN  [Start Level: Equinox Container: fe6f602e-32ed-41a3-9037-1e164963bbde][SidecarManager:74] Liferay automatically starts a child process of Elasticsearch named sidecar for convenient development and demonstration purposes. Do NOT use sidecar in production. Refer to the documentation for details on the limitations of sidecar and instructions on configuring a remote Elasticsearch connection in the Control Panel.
2024-02-09 17:08:18.730 INFO  [main][ModuleFrameworkImpl:1665] Started dynamic bundles
2024-02-09 17:08:18.731 INFO  [main][ModuleFrameworkImpl:1672] Starting web bundles
2024-02-09 17:08:21.662 INFO  [main][ModuleFrameworkImpl:1726] Started web bundles
2024-02-09 17:08:21.662 INFO  [main][ModuleFrameworkImpl:273] Navigate to Control Panel > System > Gogo Shell and enter "lb" to see all bundles
2024-02-09 17:08:29.422 INFO  [SystemExecutorServiceUtil-4][Sidecar:103] Sidecar Elasticsearch liferay started at 127.0.0.1:9201
2024-02-09 17:08:31.330 INFO  [main][StartupHelperUtil:96] There are no patches installed
2024-02-09 17:08:31.421 INFO  [main][LoggingTimer:74] Starting com.liferay.portal.events.StartupHelperUtil#initResourceActions
2024-02-09 17:08:31.448 INFO  [main][LoggingTimer:35] Completed com.liferay.portal.events.StartupHelperUtil#initResourceActions in 27 ms
2024-02-09 17:08:31.789 INFO  [main][AutoDeployDir:152] Auto deploy scanner started for /home/andre-arao/liferay-projects/integration-liferay/bundles/deploy
2024-02-09 17:08:36.758 ERROR [fileinstall-directory-watcher][LicenseManager:-1] Corrupt license file. License was not registered: {owner=Alexandre Fagner Pereira, productVersion=7.4, maxHttpSessions=5, description=MPSP portals Developer Activation Keys, licenseEntryName=Digital Enterprise Development, productEntryName=DXP Development, type=developer, version=6, accountEntryName=MPSP portals, startDate=1665847617000, expirationDate=4819447617000}
2024-02-09 17:08:36.832 INFO  [fileinstall-directory-watcher][BaseAutoDeployListener:34] Copying portlets for /home/andre-arao/liferay-projects/integration-liferay/bundles/tomcat-9.0.82/temp/20240209170836761VEIONZWK/social-web.war
2024-02-09 17:08:37.079 INFO  [fileinstall-directory-watcher][BaseAutoDeployListener:41] Portlets for /home/andre-arao/liferay-projects/integration-liferay/bundles/tomcat-9.0.82/temp/20240209170836761VEIONZWK/social-web.war copied successfully
2024-02-09 17:08:42.181 INFO  [fileinstall-directory-watcher][BundleStartStopLogger:68] STARTED social-web_7.4.3.106 [1625]
2024-02-09 17:08:44.436 INFO  [SystemExecutorServiceUtil-5][PortletHotDeployListener:291] 1 portlet for social-web is available for use
2024-02-09 17:15:30.630 WARN  [http-nio-8080-exec-3][code_jsp:161] {code="404", msg="/greetings/users", uri=/o/greetings/users}
2024-02-09 17:29:23.935 WARN  [http-nio-8080-exec-4][code_jsp:161] {code="405", msg="HTTP method DELETE is not supported by this URL", uri=/users/8}
2024-02-09 17:50:52.643 INFO  [main][PortletHotDeployListener:350] 1 portlet for social-web was unregistered
2024-02-09 17:56:39.043 INFO  [main][PortalContextLoaderListener:114] JVM arguments: --add-opens=jdk.zipfs/jdk.nio.zipfs=ALL-UNNAMED --add-opens=java.base/java.lang=ALL-UNNAMED --add-opens=java.base/java.io=ALL-UNNAMED --add-opens=java.base/java.util=ALL-UNNAMED --add-opens=java.base/java.util.concurrent=ALL-UNNAMED --add-opens=java.rmi/sun.rmi.transport=ALL-UNNAMED -Djava.util.logging.config.file=/home/andre-arao/liferay-projects/integration-liferay/bundles/tomcat-9.0.82/conf/logging.properties -Djava.util.logging.manager=org.apache.juli.ClassLoaderLogManager -Djdk.tls.ephemeralDHKeySize=2048 -Djava.protocol.handler.pkgs=org.apache.catalina.webresources -Dorg.apache.catalina.security.SecurityListener.UMASK=0027 -Dfile.encoding=UTF-8 -Djava.locale.providers=JRE,COMPAT,CLDR -Djava.net.preferIPv4Stack=true -Duser.timezone=GMT -Xms2560m -Xmx2560m -XX:MaxNewSize=1536m -XX:MaxMetaspaceSize=768m -XX:MetaspaceSize=768m -XX:NewSize=1536m -XX:SurvivorRatio=7 -Dignore.endorsed.dirs= -Dcatalina.base=/home/andre-arao/liferay-projects/integration-liferay/bundles/tomcat-9.0.82 -Dcatalina.home=/home/andre-arao/liferay-projects/integration-liferay/bundles/tomcat-9.0.82 -Djava.io.tmpdir=/home/andre-arao/liferay-projects/integration-liferay/bundles/tomcat-9.0.82/temp
2024-02-09 17:56:41.096 WARN  [main][DialectDetector:73] Liferay is configured to use Hypersonic as its database. Do NOT use Hypersonic in production. Hypersonic is an embedded database useful for development and demonstration purposes. The database settings can be changed in portal-ext.properties.
2024-02-09 17:56:41.097 INFO  [main][DialectDetector:144] Using dialect com.liferay.portal.dao.orm.hibernate.HSQLDialect for HSQL Database Engine 2.7
2024-02-09 17:56:42.648 INFO  [main][ModuleFrameworkImpl:1309] Starting initial bundles
2024-02-09 17:56:43.008 INFO  [SystemExecutorServiceUtil-4][InterpolationConfigurationPlugin:109] Configured directory for secrets: /home/andre-arao/liferay-projects/integration-liferay/bundles/osgi/configs
2024-02-09 17:56:43.928 INFO  [main][ModuleFrameworkImpl:1599] Started initial bundles
2024-02-09 17:56:43.928 INFO  [main][ModuleFrameworkImpl:1642] Starting dynamic bundles
2024-02-09 17:56:48.027 WARN  [Start Level: Equinox Container: 6bd976c0-a7c1-491a-a20d-6d82eafe4f9c][SidecarManager:74] Liferay automatically starts a child process of Elasticsearch named sidecar for convenient development and demonstration purposes. Do NOT use sidecar in production. Refer to the documentation for details on the limitations of sidecar and instructions on configuring a remote Elasticsearch connection in the Control Panel.
2024-02-09 17:56:48.630 INFO  [main][ModuleFrameworkImpl:1665] Started dynamic bundles
2024-02-09 17:56:48.631 INFO  [main][ModuleFrameworkImpl:1672] Starting web bundles
2024-02-09 17:56:50.912 INFO  [main][ModuleFrameworkImpl:1726] Started web bundles
2024-02-09 17:56:50.913 INFO  [main][ModuleFrameworkImpl:273] Navigate to Control Panel > System > Gogo Shell and enter "lb" to see all bundles
2024-02-09 17:57:00.408 INFO  [SystemExecutorServiceUtil-4][Sidecar:103] Sidecar Elasticsearch liferay started at 127.0.0.1:9201
2024-02-09 17:57:02.415 INFO  [main][StartupHelperUtil:96] There are no patches installed
2024-02-09 17:57:02.507 INFO  [main][LoggingTimer:74] Starting com.liferay.portal.events.StartupHelperUtil#initResourceActions
2024-02-09 17:57:02.533 INFO  [main][LoggingTimer:35] Completed com.liferay.portal.events.StartupHelperUtil#initResourceActions in 26 ms
2024-02-09 17:57:02.915 INFO  [main][AutoDeployDir:152] Auto deploy scanner started for /home/andre-arao/liferay-projects/integration-liferay/bundles/deploy
2024-02-09 17:57:06.060 ERROR [fileinstall-directory-watcher][LicenseManager:-1] Corrupt license file. License was not registered: {owner=Alexandre Fagner Pereira, productVersion=7.4, maxHttpSessions=5, description=MPSP portals Developer Activation Keys, licenseEntryName=Digital Enterprise Development, productEntryName=DXP Development, type=developer, version=6, accountEntryName=MPSP portals, startDate=1665847617000, expirationDate=4819447617000}
2024-02-09 17:57:10.034 INFO  [SystemExecutorServiceUtil-5][PortletHotDeployListener:291] 1 portlet for social-web is available for use
2024-02-09 18:05:04.452 INFO  [main][PortletHotDeployListener:350] 1 portlet for social-web was unregistered
2024-02-09 18:10:14.207 INFO  [main][PortalContextLoaderListener:114] JVM arguments: --add-opens=jdk.zipfs/jdk.nio.zipfs=ALL-UNNAMED --add-opens=java.base/java.lang=ALL-UNNAMED --add-opens=java.base/java.io=ALL-UNNAMED --add-opens=java.base/java.util=ALL-UNNAMED --add-opens=java.base/java.util.concurrent=ALL-UNNAMED --add-opens=java.rmi/sun.rmi.transport=ALL-UNNAMED -Djava.util.logging.config.file=/home/andre-arao/liferay-projects/integration-liferay/bundles/tomcat-9.0.82/conf/logging.properties -Djava.util.logging.manager=org.apache.juli.ClassLoaderLogManager -Djdk.tls.ephemeralDHKeySize=2048 -Djava.protocol.handler.pkgs=org.apache.catalina.webresources -Dorg.apache.catalina.security.SecurityListener.UMASK=0027 -Dfile.encoding=UTF-8 -Djava.locale.providers=JRE,COMPAT,CLDR -Djava.net.preferIPv4Stack=true -Duser.timezone=GMT -Xms2560m -Xmx2560m -XX:MaxNewSize=1536m -XX:MaxMetaspaceSize=768m -XX:MetaspaceSize=768m -XX:NewSize=1536m -XX:SurvivorRatio=7 -Dignore.endorsed.dirs= -Dcatalina.base=/home/andre-arao/liferay-projects/integration-liferay/bundles/tomcat-9.0.82 -Dcatalina.home=/home/andre-arao/liferay-projects/integration-liferay/bundles/tomcat-9.0.82 -Djava.io.tmpdir=/home/andre-arao/liferay-projects/integration-liferay/bundles/tomcat-9.0.82/temp
2024-02-09 18:10:17.007 WARN  [main][DialectDetector:73] Liferay is configured to use Hypersonic as its database. Do NOT use Hypersonic in production. Hypersonic is an embedded database useful for development and demonstration purposes. The database settings can be changed in portal-ext.properties.
2024-02-09 18:10:17.007 INFO  [main][DialectDetector:144] Using dialect com.liferay.portal.dao.orm.hibernate.HSQLDialect for HSQL Database Engine 2.7
2024-02-09 18:10:18.624 INFO  [main][ModuleFrameworkImpl:1309] Starting initial bundles
2024-02-09 18:10:18.904 INFO  [SystemExecutorServiceUtil-4][InterpolationConfigurationPlugin:109] Configured directory for secrets: /home/andre-arao/liferay-projects/integration-liferay/bundles/osgi/configs
2024-02-09 18:10:19.720 INFO  [main][ModuleFrameworkImpl:1599] Started initial bundles
2024-02-09 18:10:19.720 INFO  [main][ModuleFrameworkImpl:1642] Starting dynamic bundles
2024-02-09 18:10:24.068 WARN  [Start Level: Equinox Container: 478d6bd6-e575-4706-aa51-8ee170122c35][SidecarManager:74] Liferay automatically starts a child process of Elasticsearch named sidecar for convenient development and demonstration purposes. Do NOT use sidecar in production. Refer to the documentation for details on the limitations of sidecar and instructions on configuring a remote Elasticsearch connection in the Control Panel.
2024-02-09 18:10:24.624 INFO  [main][ModuleFrameworkImpl:1665] Started dynamic bundles
2024-02-09 18:10:24.624 INFO  [main][ModuleFrameworkImpl:1672] Starting web bundles
2024-02-09 18:10:26.985 INFO  [main][ModuleFrameworkImpl:1726] Started web bundles
2024-02-09 18:10:26.986 INFO  [main][ModuleFrameworkImpl:273] Navigate to Control Panel > System > Gogo Shell and enter "lb" to see all bundles
2024-02-09 18:10:37.426 INFO  [SystemExecutorServiceUtil-5][Sidecar:103] Sidecar Elasticsearch liferay started at 127.0.0.1:9201
2024-02-09 18:10:39.682 INFO  [main][StartupHelperUtil:96] There are no patches installed
2024-02-09 18:10:39.792 INFO  [main][LoggingTimer:74] Starting com.liferay.portal.events.StartupHelperUtil#initResourceActions
2024-02-09 18:10:39.830 INFO  [main][LoggingTimer:35] Completed com.liferay.portal.events.StartupHelperUtil#initResourceActions in 37 ms
2024-02-09 18:10:40.348 INFO  [main][AutoDeployDir:152] Auto deploy scanner started for /home/andre-arao/liferay-projects/integration-liferay/bundles/deploy
2024-02-09 18:10:42.141 ERROR [fileinstall-directory-watcher][LicenseManager:-1] Corrupt license file. License was not registered: {owner=Alexandre Fagner Pereira, productVersion=7.4, maxHttpSessions=5, description=MPSP portals Developer Activation Keys, licenseEntryName=Digital Enterprise Development, productEntryName=DXP Development, type=developer, version=6, accountEntryName=MPSP portals, startDate=1665847617000, expirationDate=4819447617000}
2024-02-09 18:10:48.896 INFO  [SystemExecutorServiceUtil-7][PortletHotDeployListener:291] 1 portlet for social-web is available for use
2024-02-09 18:18:09.809 INFO  [main][PortletHotDeployListener:350] 1 portlet for social-web was unregistered
2024-02-09 21:48:40.935 INFO  [main][PortalContextLoaderListener:114] JVM arguments: --add-opens=jdk.zipfs/jdk.nio.zipfs=ALL-UNNAMED --add-opens=java.base/java.lang=ALL-UNNAMED --add-opens=java.base/java.io=ALL-UNNAMED --add-opens=java.base/java.util=ALL-UNNAMED --add-opens=java.base/java.util.concurrent=ALL-UNNAMED --add-opens=java.rmi/sun.rmi.transport=ALL-UNNAMED -Djava.util.logging.config.file=/home/andre-arao/liferay-projects/integration-liferay/bundles/tomcat-9.0.82/conf/logging.properties -Djava.util.logging.manager=org.apache.juli.ClassLoaderLogManager -Djdk.tls.ephemeralDHKeySize=2048 -Djava.protocol.handler.pkgs=org.apache.catalina.webresources -Dorg.apache.catalina.security.SecurityListener.UMASK=0027 -Dfile.encoding=UTF-8 -Djava.locale.providers=JRE,COMPAT,CLDR -Djava.net.preferIPv4Stack=true -Duser.timezone=GMT -Xms2560m -Xmx2560m -XX:MaxNewSize=1536m -XX:MaxMetaspaceSize=768m -XX:MetaspaceSize=768m -XX:NewSize=1536m -XX:SurvivorRatio=7 -Dignore.endorsed.dirs= -Dcatalina.base=/home/andre-arao/liferay-projects/integration-liferay/bundles/tomcat-9.0.82 -Dcatalina.home=/home/andre-arao/liferay-projects/integration-liferay/bundles/tomcat-9.0.82 -Djava.io.tmpdir=/home/andre-arao/liferay-projects/integration-liferay/bundles/tomcat-9.0.82/temp
2024-02-09 21:48:42.892 WARN  [main][DialectDetector:73] Liferay is configured to use Hypersonic as its database. Do NOT use Hypersonic in production. Hypersonic is an embedded database useful for development and demonstration purposes. The database settings can be changed in portal-ext.properties.
2024-02-09 21:48:42.892 INFO  [main][DialectDetector:144] Using dialect com.liferay.portal.dao.orm.hibernate.HSQLDialect for HSQL Database Engine 2.7
2024-02-09 21:48:44.366 INFO  [main][ModuleFrameworkImpl:1309] Starting initial bundles
2024-02-09 21:48:45.009 INFO  [SystemExecutorServiceUtil-7][InterpolationConfigurationPlugin:109] Configured directory for secrets: /home/andre-arao/liferay-projects/integration-liferay/bundles/osgi/configs
2024-02-09 21:48:45.970 INFO  [main][ModuleFrameworkImpl:1599] Started initial bundles
2024-02-09 21:48:45.971 INFO  [main][ModuleFrameworkImpl:1642] Starting dynamic bundles
2024-02-09 21:48:49.581 WARN  [Start Level: Equinox Container: fb5e3dae-ced0-4fc3-b096-3e073e5afdf5][SidecarManager:74] Liferay automatically starts a child process of Elasticsearch named sidecar for convenient development and demonstration purposes. Do NOT use sidecar in production. Refer to the documentation for details on the limitations of sidecar and instructions on configuring a remote Elasticsearch connection in the Control Panel.
2024-02-09 21:48:50.256 INFO  [main][ModuleFrameworkImpl:1665] Started dynamic bundles
2024-02-09 21:48:50.258 INFO  [main][ModuleFrameworkImpl:1672] Starting web bundles
2024-02-09 21:48:52.269 INFO  [main][ModuleFrameworkImpl:1726] Started web bundles
2024-02-09 21:48:52.270 INFO  [main][ModuleFrameworkImpl:273] Navigate to Control Panel > System > Gogo Shell and enter "lb" to see all bundles
2024-02-09 21:49:01.301 INFO  [SystemExecutorServiceUtil-6][Sidecar:103] Sidecar Elasticsearch liferay started at 127.0.0.1:9201
2024-02-09 21:49:03.617 INFO  [main][StartupHelperUtil:96] There are no patches installed
2024-02-09 21:49:03.733 INFO  [main][LoggingTimer:74] Starting com.liferay.portal.events.StartupHelperUtil#initResourceActions
2024-02-09 21:49:03.762 INFO  [main][LoggingTimer:35] Completed com.liferay.portal.events.StartupHelperUtil#initResourceActions in 29 ms
2024-02-09 21:49:04.181 INFO  [main][AutoDeployDir:152] Auto deploy scanner started for /home/andre-arao/liferay-projects/integration-liferay/bundles/deploy
2024-02-09 21:49:07.490 ERROR [fileinstall-directory-watcher][LicenseManager:-1] Corrupt license file. License was not registered: {owner=Alexandre Fagner Pereira, productVersion=7.4, maxHttpSessions=5, description=MPSP portals Developer Activation Keys, licenseEntryName=Digital Enterprise Development, productEntryName=DXP Development, type=developer, version=6, accountEntryName=MPSP portals, startDate=1665847617000, expirationDate=4819447617000}
2024-02-09 21:49:11.955 INFO  [SystemExecutorServiceUtil-2][PortletHotDeployListener:291] 1 portlet for social-web is available for use
2024-02-09 21:50:05.236 INFO  [main][PortletHotDeployListener:350] 1 portlet for social-web was unregistered
